app/build/outputs/mapping/release/seeds.txt
com.vrpirates.rookieonquest.ComposableSingletons$MainActivityKt$lambda-24$1
com.vrpirates.rookieonquest.ComposableSingletons$MainActivityKt$lambda-18$1
com.vrpirates.rookieonquest.MainActivityKt$MainScreen$4$24
com.vrpirates.rookieonquest.ui.PermissionRequestDialogKt$PermissionRevokedDialog$4
com.vrpirates.rookieonquest.data.InstallUtils$special$$inlined$thenBy$1
com.vrpirates.rookieonquest.MainActivityKt$SettingsDialog$2$1$8
com.vrpirates.rookieonquest.data.MainRepository
com.vrpirates.rookieonquest.MainActivityKt$QueueManagerOverlay$1$1$3$2
com.vrpirates.rookieonquest.data.QueuedInstallDao$DefaultImpls
com.vrpirates.rookieonquest.ComposableSingletons$MainActivityKt$lambda-33$1
com.vrpirates.rookieonquest.data.GameDao_Impl$11
com.vrpirates.rookieonquest.ComposableSingletons$MainActivityKt$lambda-47$1
com.vrpirates.rookieonquest.data.MainRepository$getAllGamesFlow$$inlined$map$1$2
com.vrpirates.rookieonquest.MainActivity
com.vrpirates.rookieonquest.data.MainRepository$toggleFavorite$2
com.vrpirates.rookieonquest.ui.ComposableSingletons$InstallHistoryScreenKt$lambda-18$1
com.vrpirates.rookieonquest.data.QueuedInstallDao_Impl$9
com.vrpirates.rookieonquest.ComposableSingletons$MainActivityKt$lambda-7$1
com.vrpirates.rookieonquest.ui.GameListItemKt$GameListItem$5$1$1$3$6
com.vrpirates.rookieonquest.data.QueuedInstallDao
com.vrpirates.rookieonquest.data.MainRepository$installGame$2$4$1$1$2$2
com.vrpirates.rookieonquest.ui.ComposableSingletons$InstallHistoryScreenKt$lambda-3$1
com.vrpirates.rookieonquest.ComposableSingletons$MainActivityKt$lambda-26$1
com.vrpirates.rookieonquest.MainActivityKt$CustomTopBar$1$1$3$3
com.vrpirates.rookieonquest.ComposableSingletons$MainActivityKt$lambda-13$1
com.vrpirates.rookieonquest.data.InstallHistoryDao_Impl$12
com.vrpirates.rookieonquest.data.InstallStatus$Companion
com.vrpirates.rookieonquest.MainActivityKt$SettingsDialog$2
com.vrpirates.rookieonquest.data.MigrationManager$LegacyInstallTaskState
com.vrpirates.rookieonquest.ComposableSingletons$MainActivityKt$lambda-44$1
com.vrpirates.rookieonquest.data.CryptoUtils$sha256$2
com.vrpirates.rookieonquest.data.NonRetryableDownloadException
com.vrpirates.rookieonquest.network.UpdateInfo
com.vrpirates.rookieonquest.data.GameDao_Impl$14
com.vrpirates.rookieonquest.data.PermissionManager$savePermissionState$2
com.vrpirates.rookieonquest.MainActivityKt$MainScreen$4$10$6$1$1$1
com.vrpirates.rookieonquest.MainActivityKt$CustomTopBar$1$1$2
com.vrpirates.rookieonquest.ui.GameListItemKt$GameListItem$5$1$2$1$5$1
com.vrpirates.rookieonquest.data.QueuedInstallEntity
com.vrpirates.rookieonquest.data.InstallHistoryDao_Impl$19
com.vrpirates.rookieonquest.ComposableSingletons$MainActivityKt$lambda-50$1
com.vrpirates.rookieonquest.ui.components.CatalogUpdateBannerKt$CatalogUpdateBanner$1
com.vrpirates.rookieonquest.MainActivityKt$QueueManagerOverlay$1$1$3$2$2
com.vrpirates.rookieonquest.MainActivityKt$CustomTopBar$1$1$3$5
com.vrpirates.rookieonquest.data.InstallHistoryDao_Impl$15
com.vrpirates.rookieonquest.data.GameDao_Impl$1
com.vrpirates.rookieonquest.data.GameDao_Impl$8
com.vrpirates.rookieonquest.data.DownloadUtils
com.vrpirates.rookieonquest.MainActivityKt$SetupLayout$2$1$2$2
com.vrpirates.rookieonquest.data.MainRepository$installGame$2$invokeSuspend$$inlined$thenBy$1
com.vrpirates.rookieonquest.ui.components.CatalogUpdateBannerKt
com.vrpirates.rookieonquest.ComposableSingletons$MainActivityKt$lambda-25$1
com.vrpirates.rookieonquest.MainActivityKt$CustomTopBar$1$1$3$7
com.vrpirates.rookieonquest.data.MainRepository$verifyAndCleanupInstalls$2
com.vrpirates.rookieonquest.ui.InstallHistoryScreenKt$InstallHistoryScreen$3$2$3$3$1
com.vrpirates.rookieonquest.data.InstallHistoryDao_Impl$10
com.vrpirates.rookieonquest.ui.InstallHistoryScreenKt$InstallHistoryScreen$5$1$3$invoke$$inlined$items$default$4
com.vrpirates.rookieonquest.MainActivityKt$CustomTopBar$1$1$1$1$3
com.vrpirates.rookieonquest.ui.InstallHistoryScreenKt$InstallHistoryScreen$3$2
...
androidx.core.view.ViewCompat$Api28Impl: void addOnUnhandledKeyEventListener(android.view.View,androidx.core.view.ViewCompat$OnUnhandledKeyEventListenerCompat)
androidx.compose.animation.AnimatedContentKt: void AnimatedContent(java.lang.Object,androidx.compose.ui.Modifier,kotlin.jvm.functions.Function1,androidx.compose.ui.Alignment,java.lang.String,kotlin.jvm.functions.Function1,kotlin.jvm.functions.Function4,androidx.compose.runtime.Composer,int,int)
androidx.compose.material3.DatePickerKt: void SwitchableDateEntryContent(androidx.compose.material3.DatePickerState,androidx.compose.material3.DatePickerFormatter,kotlin.jvm.functions.Function1,androidx.compose.material3.DatePickerColors,androidx.compose.runtime.Composer,int)
androidx.compose.ui.platform.AndroidComposeView: androidx.compose.ui.platform.TextToolbar getTextToolbar()
androidx.compose.material3.NavigationRailDefaults: long getContainerColor(androidx.compose.runtime.Composer,int)
androidx.compose.ui.platform.RenderNodeVerificationHelper28: void setSpotShadowColor(android.view.RenderNode,int)
androidx.core.view.WindowInsetsCompat$Impl: boolean isConsumed()
androidx.compose.material3.FloatingActionButtonKt$FloatingActionButton$3$1: void invoke(androidx.compose.runtime.Composer,int)
androidx.activity.Api34Impl: float touchX(android.window.BackEvent)
androidx.core.graphics.drawable.DrawableCompat$Api19Impl: android.graphics.drawable.Drawable getDrawable(android.graphics.drawable.InsetDrawable)
androidx.compose.material3.DrawerDefaults: androidx.compose.foundation.layout.WindowInsets getWindowInsets(androidx.compose.runtime.Composer,int)
com.google.gson.internal.bind.TypeAdapters$15: TypeAdapters$15()
androidx.compose.material3.AppBarKt: void CenterAlignedTopAppBar(kotlin.jvm.functions.Function2,androidx.compose.ui.Modifier,kotlin.jvm.functions.Function2,kotlin.jvm.functions.Function3,androidx.compose.foundation.layout.WindowInsets,androidx.compose.material3.TopAppBarColors,androidx.compose.material3.TopAppBarScrollBehavior,androidx.compose.runtime.Composer,int,int)
androidx.compose.foundation.lazy.layout.LazyLayoutKt: void LazyLayout(androidx.compose.foundation.lazy.layout.LazyLayoutItemProvider,androidx.compose.ui.Modifier,androidx.compose.foundation.lazy.layout.LazyLayoutPrefetchState,kotlin.jvm.functions.Function2,androidx.compose.runtime.Composer,int,int)
androidx.core.app.NotificationCompat$BubbleMetadata$Api29Impl: android.app.Notification$BubbleMetadata toPlatform(androidx.core.app.NotificationCompat$BubbleMetadata)
androidx.compose.foundation.gestures.ScrollableKt$scrollable$2: androidx.compose.ui.Modifier invoke(androidx.compose.ui.Modifier,androidx.compose.runtime.Composer,int)
androidx.compose.material3.ProgressIndicatorKt: void LinearProgressIndicator-_5eSR-E(float,androidx.compose.ui.Modifier,long,long,int,androidx.compose.runtime.Composer,int,int)
androidx.compose.material3.TopAppBarDefaults: androidx.compose.material3.TopAppBarColors topAppBarColors-zjMxDiM(long,long,long,long,long,androidx.compose.runtime.Composer,int,int)
androidx.core.view.ViewCompat$Api21Impl: boolean hasNestedScrollingParent(android.view.View)
androidx.compose.ui.window.PopupLayout: android.view.View getViewRoot()
androidx.profileinstaller.ProfileVerifier$Api33Impl: android.content.pm.PackageInfo getPackageInfo(android.content.pm.PackageManager,android.content.Context)
androidx.compose.material3.ButtonKt: void TextButton(kotlin.jvm.functions.Function0,androidx.compose.ui.Modifier,boolean,androidx.compose.ui.graphics.Shape,androidx.compose.material3.ButtonColors,androidx.compose.material3.ButtonElevation,androidx.compose.foundation.BorderStroke,androidx.compose.foundation.layout.PaddingValues,androidx.compose.foundation.interaction.MutableInteractionSource,kotlin.jvm.functions.Function3,androidx.compose.runtime.Composer,int,int)
androidx.compose.foundation.lazy.LazyDslKt$items$8: void invoke(androidx.compose.foundation.lazy.LazyItemScope,int,androidx.compose.runtime.Composer,int)