app/build/outputs/mapping/release/usage.txt
com.vrpirates.rookieonquest.BuildConfig
com.vrpirates.rookieonquest.MainActivity:
    public static final int $stable
com.vrpirates.rookieonquest.MainActivityKt$AlphabetIndexer$1$invoke$$inlined$items$default$2
com.vrpirates.rookieonquest.MainActivityKt$MainScreen$4$10$6$1$1$2$4$invoke$$inlined$items$default$3
com.vrpirates.rookieonquest.R$color
com.vrpirates.rookieonquest.R$drawable
com.vrpirates.rookieonquest.R$mipmap:
    public static int ic_launcher_round
    private void <init>()
com.vrpirates.rookieonquest.R$string:
    public static int app_name
    public static int status_waiting_permissions
    private void <init>()
com.vrpirates.rookieonquest.R$style
com.vrpirates.rookieonquest.R$xml
com.vrpirates.rookieonquest.R
com.vrpirates.rookieonquest.logic.CatalogParser:
    public static final int $stable
com.vrpirates.rookieonquest.logic.CatalogUtils:
    public static final long CACHE_FRESHNESS_THRESHOLD_MS
    private static final java.lang.String TAG
    public static synthetic java.lang.Object isUpdateAvailable$default(com.vrpirates.rookieonquest.logic.CatalogUtils,android.content.Context,java.lang.String,java.util.Map,java.lang.String,kotlin.coroutines.Continuation,int,java.lang.Object)
com.vrpirates.rookieonquest.ui.FilterStatus:
    public static kotlin.enums.EnumEntries getEntries()
com.vrpirates.rookieonquest.ui.GameItemState:
    public static final int $stable
    public synthetic void <init>(java.lang.String,java.lang.String,java.lang.String,java.lang.String,java.lang.String,java.io.File,com.vrpirates.rookieonquest.ui.InstallStatus,com.vrpirates.rookieonquest.ui.InstallTaskStatus,boolean,boolean,boolean,java.lang.String,long,java.lang.String,java.util.List,long,int,int,kotlin.jvm.internal.DefaultConstructorMarker)
    public final java.lang.String component1()
    public final boolean component10()
    public final boolean component11()
    public final java.lang.String component12()
    public final long component13()
    public final java.lang.String component14()
    public final java.util.List component15()
    public final long component16()
    public final int component17()
    public final java.lang.String component2()
    public final java.lang.String component3()
    public final java.lang.String component4()
    public final java.lang.String component5()
    public final java.io.File component6()
    public final com.vrpirates.rookieonquest.ui.InstallStatus component7()
    public final com.vrpirates.rookieonquest.ui.InstallTaskStatus component8()
    public final boolean component9()
com.vrpirates.rookieonquest.ui.GameListItemKt$GameListItem$5$1$2$1$3$invoke$$inlined$items$default$2
com.vrpirates.rookieonquest.ui.HistoryDateFilter:
    public static kotlin.enums.EnumEntries getEntries()
com.vrpirates.rookieonquest.ui.HistorySortMode:
    public static kotlin.enums.EnumEntries getEntries()
com.vrpirates.rookieonquest.ui.HistoryStats:
    public synthetic void <init>(float,long,long,java.util.List,java.util.Map,int,kotlin.jvm.internal.DefaultConstructorMarker)
    public final float component1()
    public final long component2()
    public final long component3()
    public final java.util.List component4()
    public final java.util.Map component5()
    public final com.vrpirates.rookieonquest.ui.HistoryStats copy(float,long,long,java.util.List,java.util.Map)
    public static synthetic com.vrpirates.rookieonquest.ui.HistoryStats copy$default(com.vrpirates.rookieonquest.ui.HistoryStats,float,long,long,java.util.List,java.util.Map,int,java.lang.Object)
...
org.apache.commons.compress.harmony.unpack200.bytecode.CodeAttribute
org.apache.commons.compress.harmony.unpack200.bytecode.ConstantPoolEntry
org.apache.commons.compress.harmony.unpack200.bytecode.ConstantValueAttribute
org.apache.commons.compress.harmony.unpack200.bytecode.DeprecatedAttribute
org.apache.commons.compress.harmony.unpack200.bytecode.EnclosingMethodAttribute
org.apache.commons.compress.harmony.unpack200.bytecode.ExceptionTableEntry
org.apache.commons.compress.harmony.unpack200.bytecode.ExceptionsAttribute
org.apache.commons.compress.harmony.unpack200.bytecode.InnerClassesAttribute$InnerClassesEntry
org.apache.commons.compress.harmony.unpack200.bytecode.InnerClassesAttribute
org.apache.commons.compress.harmony.unpack200.bytecode.LineNumberTableAttribute
org.apache.commons.compress.harmony.unpack200.bytecode.LocalVariableTableAttribute
org.apache.commons.compress.harmony.unpack200.bytecode.LocalVariableTypeTableAttribute
org.apache.commons.compress.harmony.unpack200.bytecode.NewAttribute$1
org.apache.commons.compress.harmony.unpack200.bytecode.NewAttribute$AbstractBcValue
org.apache.commons.compress.harmony.unpack200.bytecode.NewAttribute$BCIndex
org.apache.commons.compress.harmony.unpack200.bytecode.NewAttribute$BCLength
org.apache.commons.compress.harmony.unpack200.bytecode.NewAttribute$BCOffset
org.apache.commons.compress.harmony.unpack200.bytecode.NewAttribute
org.apache.commons.compress.harmony.unpack200.bytecode.OperandManager
org.apache.commons.compress.harmony.unpack200.bytecode.RuntimeVisibleorInvisibleAnnotationsAttribute
org.apache.commons.compress.harmony.unpack200.bytecode.RuntimeVisibleorInvisibleParameterAnnotationsAttribute$ParameterAnnotation
org.apache.commons.compress.harmony.unpack200.bytecode.RuntimeVisibleorInvisibleParameterAnnotationsAttribute
org.apache.commons.compress.harmony.unpack200.bytecode.SignatureAttribute
org.apache.commons.compress.harmony.unpack200.bytecode.SourceFileAttribute
org.apache.commons.compress.harmony.unpack200.bytecode.forms.ByteCodeForm
org.apache.commons.compress.harmony.unpack200.bytecode.forms.ByteForm
org.apache.commons.compress.harmony.unpack200.bytecode.forms.ClassRefForm
org.apache.commons.compress.harmony.unpack200.bytecode.forms.ClassSpecificReferenceForm
org.apache.commons.compress.harmony.unpack200.bytecode.forms.DoubleForm
org.apache.commons.compress.harmony.unpack200.bytecode.forms.FieldRefForm
org.apache.commons.compress.harmony.unpack200.bytecode.forms.FloatRefForm
org.apache.commons.compress.harmony.unpack200.bytecode.forms.IMethodRefForm
org.apache.commons.compress.harmony.unpack200.bytecode.forms.IincForm
org.apache.commons.compress.harmony.unpack200.bytecode.forms.InitMethodReferenceForm
org.apache.commons.compress.harmony.unpack200.bytecode.forms.IntRefForm
org.apache.commons.compress.harmony.unpack200.bytecode.forms.LabelForm
org.apache.commons.compress.harmony.unpack200.bytecode.forms.LocalForm
org.apache.commons.compress.harmony.unpack200.bytecode.forms.LongForm
org.apache.commons.compress.harmony.unpack200.bytecode.forms.LookupSwitchForm
org.apache.commons.compress.harmony.unpack200.bytecode.forms.MethodRefForm
org.apache.commons.compress.harmony.unpack200.bytecode.forms.MultiANewArrayForm
org.apache.commons.compress.harmony.unpack200.bytecode.forms.NarrowClassRefForm
org.apache.commons.compress.harmony.unpack200.bytecode.forms.NewClassRefForm
org.apache.commons.compress.harmony.unpack200.bytecode.forms.NewInitMethodRefForm
org.apache.commons.compress.harmony.unpack200.bytecode.forms.NoArgumentForm
org.apache.commons.compress.harmony.unpack200.bytecode.forms.ReferenceForm
org.apache.commons.compress.harmony.unpack200.bytecode.forms.ShortForm
org.apache.commons.compress.harmony.unpack200.bytecode.forms.SingleByteReferenceForm
org.apache.commons.compress.harmony.unpack200.bytecode.forms.StringRefForm
org.apache.commons.compress.harmony.unpack200.bytecode.forms.SuperFieldRefForm